
[2548696] signal (15): Terminated
in expression starting at /home/pol/cell_crawling/main.jl:42

[2548700] signal (15): Terminated
in expression starting at /home/pol/cell_crawling/main.jl:42

[2548701] signal (15): Terminated
in expression starting at /home/pol/cell_crawling/main.jl:42
pthread_cond_wait at /lib/x86_64-linux-gnu/libpthread.so.0 (unknown line)
pthread_cond_wait at /lib/x86_64-linux-gnu/libpthread.so.0 (unknown line)
pthread_cond_wait at /lib/x86_64-linux-gnu/libpthread.so.0 (unknown line)

[2568070] signal (15): Terminated
in expression starting at /home/pol/cell_crawling/main.jl:42
pthread_cond_wait at /lib/x86_64-linux-gnu/libpthread.so.0 (unknown line)

[2568073] signal (15): Terminated
in expression starting at /home/pol/cell_crawling/main.jl:42

[2548695] signal (15): Terminated
pthread_cond_wait at /lib/x86_64-linux-gnu/libpthread.so.0 (unknown line)
in expression starting at /home/pol/cell_crawling/main.jl:42

[2548697] signal (15): Terminated
in expression starting at /home/pol/cell_crawling/main.jl:42
pthread_cond_wait at /lib/x86_64-linux-gnu/libpthread.so.0 (unknown line)
pthread_cond_wait at /lib/x86_64-linux-gnu/libpthread.so.0 (unknown line)

[2568072] signal (15): Terminated
in expression starting at /home/pol/cell_crawling/main.jl:42
pthread_cond_wait at /lib/x86_64-linux-gnu/libpthread.so.0 (unknown line)

[2568071] signal (15): Terminated
in expression starting at /home/pol/cell_crawling/main.jl:42
pthread_cond_wait at /lib/x86_64-linux-gnu/libpthread.so.0 (unknown line)

[2548698] signal (15): Terminated
in expression starting at /home/pol/cell_crawling/main.jl:42
pthread_cond_wait at /lib/x86_64-linux-gnu/libpthread.so.0 (unknown line)

[2548699] signal (15): Terminated
in expression starting at /home/pol/cell_crawling/main.jl:42
pthread_cond_wait at /lib/x86_64-linux-gnu/libpthread.so.0 (unknown line)

[2548694] signal (15): Terminated
in expression starting at /home/pol/cell_crawling/main.jl:42
pthread_cond_wait at /lib/x86_64-linux-gnu/libpthread.so.0 (unknown line)
uv_cond_wait at /workspace/srcdir/libuv/src/unix/thread.c:883
uv_cond_wait at /workspace/srcdir/libuv/src/unix/thread.c:883
uv_cond_wait at /workspace/srcdir/libuv/src/unix/thread.c:883
uv_cond_wait at /workspace/srcdir/libuv/src/unix/thread.c:883
uv_cond_wait at /workspace/srcdir/libuv/src/unix/thread.c:883
uv_cond_wait at /workspace/srcdir/libuv/src/unix/thread.c:883
uv_cond_wait at /workspace/srcdir/libuv/src/unix/thread.c:883
uv_cond_wait at /workspace/srcdir/libuv/src/unix/thread.c:883
uv_cond_wait at /workspace/srcdir/libuv/src/unix/thread.c:883
uv_cond_wait at /workspace/srcdir/libuv/src/unix/thread.c:883
uv_cond_wait at /workspace/srcdir/libuv/src/unix/thread.c:883
uv_cond_wait at /workspace/srcdir/libuv/src/unix/thread.c:883
ijl_task_get_next at /cache/build/default-amdci5-2/julialang/julia-release-1-dot-9/src/partr.c:421
ijl_task_get_next at /cache/build/default-amdci5-2/julialang/julia-release-1-dot-9/src/partr.c:421
ijl_task_get_next at /cache/build/default-amdci5-2/julialang/julia-release-1-dot-9/src/partr.c:421
ijl_task_get_next at /cache/build/default-amdci5-2/julialang/julia-release-1-dot-9/src/partr.c:421
ijl_task_get_next at /cache/build/default-amdci5-2/julialang/julia-release-1-dot-9/src/partr.c:421
ijl_task_get_next at /cache/build/default-amdci5-2/julialang/julia-release-1-dot-9/src/partr.c:421
ijl_task_get_next at /cache/build/default-amdci5-2/julialang/julia-release-1-dot-9/src/partr.c:421
ijl_task_get_next at /cache/build/default-amdci5-2/julialang/julia-release-1-dot-9/src/partr.c:421
ijl_task_get_next at /cache/build/default-amdci5-2/julialang/julia-release-1-dot-9/src/partr.c:421
ijl_task_get_next at /cache/build/default-amdci5-2/julialang/julia-release-1-dot-9/src/partr.c:421
ijl_task_get_next at /cache/build/default-amdci5-2/julialang/julia-release-1-dot-9/src/partr.c:421
ijl_task_get_next at /cache/build/default-amdci5-2/julialang/julia-release-1-dot-9/src/partr.c:421
poptask at ./task.jl:974
poptask at ./task.jl:974
poptask at ./task.jl:974
poptask at ./task.jl:974
poptask at ./task.jl:974
poptask at ./task.jl:974
poptask at ./task.jl:974
poptask at ./task.jl:974
poptask at ./task.jl:974
wait at ./task.jl:983
wait at ./task.jl:983
wait at ./task.jl:983
wait at ./task.jl:983
wait at ./task.jl:983
wait at ./task.jl:983
wait at ./task.jl:983
wait at ./task.jl:983
wait at ./task.jl:983
poptask at ./task.jl:974
#wait#621 at ./condition.jl:130
#wait#621 at ./condition.jl:130
#wait#621 at ./condition.jl:130
#wait#621 at ./condition.jl:130
#wait#621 at ./condition.jl:130
#wait#621 at ./condition.jl:130
#wait#621 at ./condition.jl:130
wait at ./task.jl:983
#wait#621 at ./condition.jl:130
poptask at ./task.jl:974
poptask at ./task.jl:974
#wait#621 at ./condition.jl:130
#wait#621 at ./condition.jl:130
wait at ./task.jl:983
wait at ./task.jl:983
#wait#621 at ./condition.jl:130
wait at ./condition.jl:125 [inlined]
wait at ./condition.jl:125 [inlined]
_trywait at ./asyncevent.jl:138
_trywait at ./asyncevent.jl:138
wait at ./condition.jl:125 [inlined]
wait at ./condition.jl:125 [inlined]
_trywait at ./asyncevent.jl:138
_trywait at ./asyncevent.jl:138
wait at ./condition.jl:125 [inlined]
_trywait at ./asyncevent.jl:138
wait at ./condition.jl:125 [inlined]
wait at ./condition.jl:125 [inlined]
_trywait at ./asyncevent.jl:138
_trywait at ./asyncevent.jl:138
wait at ./condition.jl:125 [inlined]
_trywait at ./asyncevent.jl:138
wait at ./condition.jl:125 [inlined]
_trywait at ./asyncevent.jl:138
wait at ./condition.jl:125 [inlined]
#138 at /cache/build/default-amdci5-2/julialang/julia-release-1-dot-9/usr/share/julia/stdlib/v1.9/Distributed/src/remotecall.jl:281 [inlined]
lock at ./lock.jl:229
wait at ./condition.jl:125 [inlined]
#138 at /cache/build/default-amdci5-2/julialang/julia-release-1-dot-9/usr/share/julia/stdlib/v1.9/Distributed/src/remotecall.jl:281 [inlined]
lock at ./lock.jl:229
wait at ./asyncevent.jl:155 [inlined]
profile_printing_listener at /cache/build/default-amdci5-2/julialang/julia-release-1-dot-9/usr/share/julia/stdlib/v1.9/Profile/src/Profile.jl:39
wait at ./asyncevent.jl:155 [inlined]
wait at ./asyncevent.jl:155 [inlined]
profile_printing_listener at /cache/build/default-amdci5-2/julialang/julia-release-1-dot-9/usr/share/julia/stdlib/v1.9/Profile/src/Profile.jl:39
wait at ./asyncevent.jl:155 [inlined]
wait at ./asyncevent.jl:155 [inlined]
wait at ./asyncevent.jl:155 [inlined]
profile_printing_listener at /cache/build/default-amdci5-2/julialang/julia-release-1-dot-9/usr/share/julia/stdlib/v1.9/Profile/src/Profile.jl:39
profile_printing_listener at /cache/build/default-amdci5-2/julialang/julia-release-1-dot-9/usr/share/julia/stdlib/v1.9/Profile/src/Profile.jl:39
profile_printing_listener at /cache/build/default-amdci5-2/julialang/julia-release-1-dot-9/usr/share/julia/stdlib/v1.9/Profile/src/Profile.jl:39
profile_printing_listener at /cache/build/default-amdci5-2/julialang/julia-release-1-dot-9/usr/share/julia/stdlib/v1.9/Profile/src/Profile.jl:39
wait at ./asyncevent.jl:155 [inlined]
profile_printing_listener at /cache/build/default-amdci5-2/julialang/julia-release-1-dot-9/usr/share/julia/stdlib/v1.9/Profile/src/Profile.jl:39
wait at ./asyncevent.jl:155 [inlined]
profile_printing_listener at /cache/build/default-amdci5-2/julialang/julia-release-1-dot-9/usr/share/julia/stdlib/v1.9/Profile/src/Profile.jl:39
#wait#621 at ./condition.jl:130
#3 at ./threadingconstructs.jl:404
#3 at ./threadingconstructs.jl:404
#3 at ./threadingconstructs.jl:404
#3 at ./threadingconstructs.jl:404
#3 at ./threadingconstructs.jl:404
#3 at ./threadingconstructs.jl:404
lock at ./condition.jl:78 [inlined]
macro expansion at /cache/build/default-amdci5-2/julialang/julia-release-1-dot-9/usr/share/julia/stdlib/v1.9/Distributed/src/remotecall.jl:279 [inlined]
#137 at ./threadingconstructs.jl:404
#3 at ./threadingconstructs.jl:404
#3 at ./threadingconstructs.jl:404
lock at ./condition.jl:78 [inlined]
macro expansion at /cache/build/default-amdci5-2/julialang/julia-release-1-dot-9/usr/share/julia/stdlib/v1.9/Distributed/src/remotecall.jl:279 [inlined]
#137 at ./threadingconstructs.jl:404
wait at ./asyncevent.jl:155 [inlined]
profile_printing_listener at /cache/build/default-amdci5-2/julialang/julia-release-1-dot-9/usr/share/julia/stdlib/v1.9/Profile/src/Profile.jl:39
jfptr_YY.3_59460.clone_1 at /home/pol/julia-1.9.2/lib/julia/sys.so (unknown line)
jfptr_YY.3_59460.clone_1 at /home/pol/julia-1.9.2/lib/julia/sys.so (unknown line)
jfptr_YY.3_59460.clone_1 at /home/pol/julia-1.9.2/lib/julia/sys.so (unknown line)
_jl_invoke at /cache/build/default-amdci5-2/julialang/julia-release-1-dot-9/src/gf.c:2758 [inlined]
ijl_apply_generic at /cache/build/default-amdci5-2/julialang/julia-release-1-dot-9/src/gf.c:2940
jfptr_YY.3_59460.clone_1 at /home/pol/julia-1.9.2/lib/julia/sys.so (unknown line)
jfptr_YY.3_59460.clone_1 at /home/pol/julia-1.9.2/lib/julia/sys.so (unknown line)
jfptr_YY.3_59460.clone_1 at /home/pol/julia-1.9.2/lib/julia/sys.so (unknown line)
jl_apply at /cache/build/default-amdci5-2/julialang/julia-release-1-dot-9/src/julia.h:1879 [inlined]
start_task at /cache/build/default-amdci5-2/julialang/julia-release-1-dot-9/src/task.c:1092
unknown function (ip: (nil))
_jl_invoke at /cache/build/default-amdci5-2/julialang/julia-release-1-dot-9/src/gf.c:2758 [inlined]
ijl_apply_generic at /cache/build/default-amdci5-2/julialang/julia-release-1-dot-9/src/gf.c:2940
_jl_invoke at /cache/build/default-amdci5-2/julialang/julia-release-1-dot-9/src/gf.c:2758 [inlined]
ijl_apply_generic at /cache/build/default-amdci5-2/julialang/julia-release-1-dot-9/src/gf.c:2940
_jl_invoke at /cache/build/default-amdci5-2/julialang/julia-release-1-dot-9/src/gf.c:2758 [inlined]
ijl_apply_generic at /cache/build/default-amdci5-2/julialang/julia-release-1-dot-9/src/gf.c:2940
_jl_invoke at /cache/build/default-amdci5-2/julialang/julia-release-1-dot-9/src/gf.c:2758 [inlined]
ijl_apply_generic at /cache/build/default-amdci5-2/julialang/julia-release-1-dot-9/src/gf.c:2940
jfptr_YY.3_59460.clone_1 at /home/pol/julia-1.9.2/lib/julia/sys.so (unknown line)
* at ./float.jl:410 [inlined]
_broadcast_getindex_evalf at ./broadcast.jl:683 [inlined]
_broadcast_getindex at ./broadcast.jl:656 [inlined]
_getindex at ./broadcast.jl:679 [inlined]
_getindex at ./broadcast.jl:679 [inlined]
_broadcast_getindex at ./broadcast.jl:655 [inlined]
getindex at ./broadcast.jl:610 [inlined]
macro expansion at ./broadcast.jl:974 [inlined]
macro expansion at ./simdloop.jl:77 [inlined]
copyto! at ./broadcast.jl:973 [inlined]
copyto! at ./broadcast.jl:926 [inlined]
copy at ./broadcast.jl:898 [inlined]
materialize at ./broadcast.jl:873 [inlined]
macro expansion at /home/pol/cell_crawling/phasefield.jl:315 [inlined]
macro expansion at /home/pol/.julia/packages/Plots/sxUvK/src/animation.jl:251 [inlined]
phasefield_rigged_2! at /home/pol/cell_crawling/phasefield.jl:283
unknown function (ip: 0x7f49a21387aa)
_jl_invoke at /cache/build/default-amdci5-2/julialang/julia-release-1-dot-9/src/gf.c:2758 [inlined]
ijl_apply_generic at /cache/build/default-amdci5-2/julialang/julia-release-1-dot-9/src/gf.c:2940
macro expansion at ./timing.jl:273 [inlined]
top-level scope at /home/pol/cell_crawling/main.jl:45
wait at ./condition.jl:125 [inlined]
_trywait at ./asyncevent.jl:138
jfptr_YY.3_59460.clone_1 at /home/pol/julia-1.9.2/lib/julia/sys.so (unknown line)
jl_apply at /cache/build/default-amdci5-2/julialang/julia-release-1-dot-9/src/julia.h:1879 [inlined]
jl_apply at /cache/build/default-amdci5-2/julialang/julia-release-1-dot-9/src/julia.h:1879 [inlined]
start_task at /cache/build/default-amdci5-2/julialang/julia-release-1-dot-9/src/task.c:1092
start_task at /cache/build/default-amdci5-2/julialang/julia-release-1-dot-9/src/task.c:1092
jl_apply at /cache/build/default-amdci5-2/julialang/julia-release-1-dot-9/src/julia.h:1879 [inlined]
start_task at /cache/build/default-amdci5-2/julialang/julia-release-1-dot-9/src/task.c:1092
unknown function (ip: (nil))
unknown function (ip: (nil))
unknown function (ip: (nil))
jl_apply at /cache/build/default-amdci5-2/julialang/julia-release-1-dot-9/src/julia.h:1879 [inlined]
start_task at /cache/build/default-amdci5-2/julialang/julia-release-1-dot-9/src/task.c:1092
_jl_invoke at /cache/build/default-amdci5-2/julialang/julia-release-1-dot-9/src/gf.c:2758 [inlined]
unknown function (ip: (nil))
ijl_apply_generic at /cache/build/default-amdci5-2/julialang/julia-release-1-dot-9/src/gf.c:2940
_jl_invoke at /cache/build/default-amdci5-2/julialang/julia-release-1-dot-9/src/gf.c:2758 [inlined]
ijl_apply_generic at /cache/build/default-amdci5-2/julialang/julia-release-1-dot-9/src/gf.c:2940
== at ./promotion.jl:499 [inlined]
iterate at ./range.jl:891 [inlined]
macro expansion at /home/pol/cell_crawling/phasefield.jl:310 [inlined]
macro expansion at /home/pol/.julia/packages/Plots/sxUvK/src/animation.jl:251 [inlined]
phasefield_rigged_2! at /home/pol/cell_crawling/phasefield.jl:283
* at ./float.jl:410 [inlined]
unknown function (ip: 0x7faab326e7aa)
macro expansion at /home/pol/cell_crawling/phasefield.jl:302 [inlined]
macro expansion at /home/pol/.julia/packages/Plots/sxUvK/src/animation.jl:251 [inlined]
phasefield_rigged_2! at /home/pol/cell_crawling/phasefield.jl:283
unknown function (ip: 0x7f69577f85ca)
_jl_invoke at /cache/build/default-amdci5-2/julialang/julia-release-1-dot-9/src/gf.c:2758 [inlined]
ijl_apply_generic at /cache/build/default-amdci5-2/julialang/julia-release-1-dot-9/src/gf.c:2940
_jl_invoke at /cache/build/default-amdci5-2/julialang/julia-release-1-dot-9/src/gf.c:2758 [inlined]
ijl_apply_generic at /cache/build/default-amdci5-2/julialang/julia-release-1-dot-9/src/gf.c:2940
jl_toplevel_eval_flex at /cache/build/default-amdci5-2/julialang/julia-release-1-dot-9/src/toplevel.c:903
getindex at ./essentials.jl:14 [inlined]
getindex at ./multidimensional.jl:668 [inlined]
_broadcast_getindex at ./broadcast.jl:649 [inlined]
_getindex at ./broadcast.jl:680 [inlined]
_getindex at ./broadcast.jl:679 [inlined]
_getindex at ./broadcast.jl:679 [inlined]
_broadcast_getindex at ./broadcast.jl:655 [inlined]
getindex at ./broadcast.jl:610 [inlined]
macro expansion at ./broadcast.jl:974 [inlined]
macro expansion at ./simdloop.jl:77 [inlined]
copyto! at ./broadcast.jl:973 [inlined]
copyto! at ./broadcast.jl:926 [inlined]
copy at ./broadcast.jl:898 [inlined]
materialize at ./broadcast.jl:873 [inlined]
macro expansion at /home/pol/cell_crawling/phasefield.jl:315 [inlined]
macro expansion at /home/pol/.julia/packages/Plots/sxUvK/src/animation.jl:251 [inlined]
macro expansion at ./timing.jl:273 [inlined]
phasefield_rigged_2! at /home/pol/cell_crawling/phasefield.jl:283
top-level scope at /home/pol/cell_crawling/main.jl:45
unknown function (ip: 0x7f42800767aa)
macro expansion at ./timing.jl:273 [inlined]
top-level scope at /home/pol/cell_crawling/main.jl:45
_jl_invoke at /cache/build/default-amdci5-2/julialang/julia-release-1-dot-9/src/gf.c:2758 [inlined]
ijl_apply_generic at /cache/build/default-amdci5-2/julialang/julia-release-1-dot-9/src/gf.c:2940
macro expansion at ./timing.jl:273 [inlined]
top-level scope at /home/pol/cell_crawling/main.jl:45
jl_apply at /cache/build/default-amdci5-2/julialang/julia-release-1-dot-9/src/julia.h:1879 [inlined]
start_task at /cache/build/default-amdci5-2/julialang/julia-release-1-dot-9/src/task.c:1092
unknown function (ip: (nil))
jl_apply at /cache/build/default-amdci5-2/julialang/julia-release-1-dot-9/src/julia.h:1879 [inlined]
start_task at /cache/build/default-amdci5-2/julialang/julia-release-1-dot-9/src/task.c:1092
unknown function (ip: (nil))
jl_toplevel_eval_flex at /cache/build/default-amdci5-2/julialang/julia-release-1-dot-9/src/toplevel.c:856
ijl_toplevel_eval_in at /cache/build/default-amdci5-2/julialang/julia-release-1-dot-9/src/toplevel.c:971
jfptr_YY.137_58339.clone_1 at /home/pol/julia-1.9.2/lib/julia/sys.so (unknown line)
_jl_invoke at /cache/build/default-amdci5-2/julialang/julia-release-1-dot-9/src/gf.c:2758 [inlined]
ijl_apply_generic at /cache/build/default-amdci5-2/julialang/julia-release-1-dot-9/src/gf.c:2940
jl_toplevel_eval_flex at /cache/build/default-amdci5-2/julialang/julia-release-1-dot-9/src/toplevel.c:903
jl_toplevel_eval_flex at /cache/build/default-amdci5-2/julialang/julia-release-1-dot-9/src/toplevel.c:903
== at ./promotion.jl:499 [inlined]
iterate at ./range.jl:891 [inlined]
macro expansion at /home/pol/cell_crawling/phasefield.jl:310 [inlined]
macro expansion at /home/pol/.julia/packages/Plots/sxUvK/src/animation.jl:251 [inlined]
phasefield_rigged_2! at /home/pol/cell_crawling/phasefield.jl:283
unknown function (ip: 0x7f58728295ca)
_jl_invoke at /cache/build/default-amdci5-2/julialang/julia-release-1-dot-9/src/gf.c:2758 [inlined]
ijl_apply_generic at /cache/build/default-amdci5-2/julialang/julia-release-1-dot-9/src/gf.c:2940
macro expansion at ./timing.jl:273 [inlined]
top-level scope at /home/pol/cell_crawling/main.jl:45
jl_toplevel_eval_flex at /cache/build/default-amdci5-2/julialang/julia-release-1-dot-9/src/toplevel.c:903
jl_toplevel_eval_flex at /cache/build/default-amdci5-2/julialang/julia-release-1-dot-9/src/toplevel.c:856
jl_toplevel_eval_flex at /cache/build/default-amdci5-2/julialang/julia-release-1-dot-9/src/toplevel.c:856
ijl_toplevel_eval_in at /cache/build/default-amdci5-2/julialang/julia-release-1-dot-9/src/toplevel.c:971
ijl_toplevel_eval_in at /cache/build/default-amdci5-2/julialang/julia-release-1-dot-9/src/toplevel.c:971
jl_toplevel_eval_flex at /cache/build/default-amdci5-2/julialang/julia-release-1-dot-9/src/toplevel.c:856
ijl_toplevel_eval_in at /cache/build/default-amdci5-2/julialang/julia-release-1-dot-9/src/toplevel.c:971
sweep_malloced_arrays at /cache/build/default-amdci5-2/julialang/julia-release-1-dot-9/src/gc.c:1366 [inlined]
gc_sweep_other at /cache/build/default-amdci5-2/julialang/julia-release-1-dot-9/src/gc.c:1729 [inlined]
_jl_gc_collect at /cache/build/default-amdci5-2/julialang/julia-release-1-dot-9/src/gc.c:3537
ijl_gc_collect at /cache/build/default-amdci5-2/julialang/julia-release-1-dot-9/src/gc.c:3706
_jl_invoke at /cache/build/default-amdci5-2/julialang/julia-release-1-dot-9/src/gf.c:2758 [inlined]
ijl_apply_generic at /cache/build/default-amdci5-2/julialang/julia-release-1-dot-9/src/gf.c:2940
jl_apply at /cache/build/default-amdci5-2/julialang/julia-release-1-dot-9/src/julia.h:1879 [inlined]
start_task at /cache/build/default-amdci5-2/julialang/julia-release-1-dot-9/src/task.c:1092
unknown function (ip: (nil))
maybe_collect at /cache/build/default-amdci5-2/julialang/julia-release-1-dot-9/src/gc.c:1078 [inlined]
jl_gc_pool_alloc_inner at /cache/build/default-amdci5-2/julialang/julia-release-1-dot-9/src/gc.c:1443 [inlined]
jl_gc_pool_alloc_noinline at /cache/build/default-amdci5-2/julialang/julia-release-1-dot-9/src/gc.c:1504
jl_toplevel_eval_flex at /cache/build/default-amdci5-2/julialang/julia-release-1-dot-9/src/toplevel.c:903
jl_apply at /cache/build/default-amdci5-2/julialang/julia-release-1-dot-9/src/julia.h:1879 [inlined]
start_task at /cache/build/default-amdci5-2/julialang/julia-release-1-dot-9/src/task.c:1092
unknown function (ip: (nil))
jl_gc_alloc_ at /cache/build/default-amdci5-2/julialang/julia-release-1-dot-9/src/julia_internal.h:460 [inlined]
_new_array_ at /cache/build/default-amdci5-2/julialang/julia-release-1-dot-9/src/array.c:144 [inlined]
_new_array at /cache/build/default-amdci5-2/julialang/julia-release-1-dot-9/src/array.c:198 [inlined]
ijl_alloc_array_2d at /cache/build/default-amdci5-2/julialang/julia-release-1-dot-9/src/array.c:443
jl_toplevel_eval_flex at /cache/build/default-amdci5-2/julialang/julia-release-1-dot-9/src/toplevel.c:856
ijl_toplevel_eval_in at /cache/build/default-amdci5-2/julialang/julia-release-1-dot-9/src/toplevel.c:971
#3 at ./threadingconstructs.jl:404
gc_page_data at /cache/build/default-amdci5-2/julialang/julia-release-1-dot-9/src/gc.h:408 [inlined]
jl_gc_pool_alloc_inner at /cache/build/default-amdci5-2/julialang/julia-release-1-dot-9/src/gc.c:1453 [inlined]
jl_gc_pool_alloc_noinline at /cache/build/default-amdci5-2/julialang/julia-release-1-dot-9/src/gc.c:1504 [inlined]
jl_gc_alloc_ at /cache/build/default-amdci5-2/julialang/julia-release-1-dot-9/src/julia_internal.h:460 [inlined]
jl_gc_alloc at /cache/build/default-amdci5-2/julialang/julia-release-1-dot-9/src/gc.c:3753
jl_gc_alloc_buf at /cache/build/default-amdci5-2/julialang/julia-release-1-dot-9/src/julia_internal.h:498 [inlined]
jl_gc_alloc_buf at /cache/build/default-amdci5-2/julialang/julia-release-1-dot-9/src/julia_internal.h:496 [inlined]
array_resize_buffer at /cache/build/default-amdci5-2/julialang/julia-release-1-dot-9/src/array.c:698
Array at ./boot.jl:479 [inlined]
Array at ./boot.jl:487 [inlined]
Array at ./boot.jl:494 [inlined]
similar at ./abstractarray.jl:882 [inlined]
similar at ./abstractarray.jl:881 [inlined]
similar at ./broadcast.jl:212 [inlined]
similar at ./broadcast.jl:211 [inlined]
copy at ./broadcast.jl:898 [inlined]
materialize at ./broadcast.jl:873 [inlined]
broadcast_preserving_zero_d at ./broadcast.jl:862 [inlined]
+ at ./arraymath.jl:16
getindex at ./essentials.jl:14 [inlined]
getindex at ./multidimensional.jl:668 [inlined]
_broadcast_getindex at ./broadcast.jl:649 [inlined]
_getindex at ./broadcast.jl:679 [inlined]
_broadcast_getindex at ./broadcast.jl:655 [inlined]
getindex at ./broadcast.jl:610 [inlined]
macro expansion at ./broadcast.jl:974 [inlined]
macro expansion at ./simdloop.jl:77 [inlined]
copyto! at ./broadcast.jl:973 [inlined]
copyto! at ./broadcast.jl:926 [inlined]
copy at ./broadcast.jl:898 [inlined]
materialize at ./broadcast.jl:873 [inlined]
broadcast_preserving_zero_d at ./broadcast.jl:862 [inlined]
+ at ./arraymath.jl:16
macro expansion at /home/pol/cell_crawling/phasefield.jl:312 [inlined]
macro expansion at /home/pol/.julia/packages/Plots/sxUvK/src/animation.jl:251 [inlined]
phasefield_rigged_2! at /home/pol/cell_crawling/phasefield.jl:283
unknown function (ip: 0x7f57ebdd85ca)
_jl_invoke at /cache/build/default-amdci5-2/julialang/julia-release-1-dot-9/src/gf.c:2758 [inlined]
ijl_apply_generic at /cache/build/default-amdci5-2/julialang/julia-release-1-dot-9/src/gf.c:2940
macro expansion at ./timing.jl:273 [inlined]
top-level scope at /home/pol/cell_crawling/main.jl:45
eval at ./boot.jl:370 [inlined]
include_string at ./loading.jl:1903
_jl_invoke at /cache/build/default-amdci5-2/julialang/julia-release-1-dot-9/src/gf.c:2758 [inlined]
ijl_apply_generic at /cache/build/default-amdci5-2/julialang/julia-release-1-dot-9/src/gf.c:2940
macro expansion at /home/pol/cell_crawling/phasefield.jl:316 [inlined]
macro expansion at /home/pol/.julia/packages/Plots/sxUvK/src/animation.jl:251 [inlined]
phasefield_rigged_2! at /home/pol/cell_crawling/phasefield.jl:283
unknown function (ip: 0x7f3f881be7aa)
_jl_invoke at /cache/build/default-amdci5-2/julialang/julia-release-1-dot-9/src/gf.c:2758 [inlined]
ijl_apply_generic at /cache/build/default-amdci5-2/julialang/julia-release-1-dot-9/src/gf.c:2940
macro expansion at ./timing.jl:273 [inlined]
top-level scope at /home/pol/cell_crawling/main.jl:45
jl_array_grow_at_end at /cache/build/default-amdci5-2/julialang/julia-release-1-dot-9/src/array.c:893
jl_toplevel_eval_flex at /cache/build/default-amdci5-2/julialang/julia-release-1-dot-9/src/toplevel.c:903
eval at ./boot.jl:370 [inlined]
include_string at ./loading.jl:1903
_jl_invoke at /cache/build/default-amdci5-2/julialang/julia-release-1-dot-9/src/gf.c:2758 [inlined]
ijl_apply_generic at /cache/build/default-amdci5-2/julialang/julia-release-1-dot-9/src/gf.c:2940
jl_toplevel_eval_flex at /cache/build/default-amdci5-2/julialang/julia-release-1-dot-9/src/toplevel.c:856
ijl_toplevel_eval_in at /cache/build/default-amdci5-2/julialang/julia-release-1-dot-9/src/toplevel.c:971
jl_toplevel_eval_flex at /cache/build/default-amdci5-2/julialang/julia-release-1-dot-9/src/toplevel.c:903
eval at ./boot.jl:370 [inlined]
include_string at ./loading.jl:1903
_jl_invoke at /cache/build/default-amdci5-2/julialang/julia-release-1-dot-9/src/gf.c:2758 [inlined]
ijl_apply_generic at /cache/build/default-amdci5-2/julialang/julia-release-1-dot-9/src/gf.c:2940
jl_toplevel_eval_flex at /cache/build/default-amdci5-2/julialang/julia-release-1-dot-9/src/toplevel.c:856
ijl_toplevel_eval_in at /cache/build/default-amdci5-2/julialang/julia-release-1-dot-9/src/toplevel.c:971
eval at ./boot.jl:370 [inlined]
include_string at ./loading.jl:1903
_jl_invoke at /cache/build/default-amdci5-2/julialang/julia-release-1-dot-9/src/gf.c:2758 [inlined]
ijl_apply_generic at /cache/build/default-amdci5-2/julialang/julia-release-1-dot-9/src/gf.c:2940
jfptr_YY.137_58339.clone_1 at /home/pol/julia-1.9.2/lib/julia/sys.so (unknown line)
eval at ./boot.jl:370 [inlined]
include_string at ./loading.jl:1903
_jl_invoke at /cache/build/default-amdci5-2/julialang/julia-release-1-dot-9/src/gf.c:2758 [inlined]
ijl_apply_generic at /cache/build/default-amdci5-2/julialang/julia-release-1-dot-9/src/gf.c:2940
_jl_invoke at /cache/build/default-amdci5-2/julialang/julia-release-1-dot-9/src/gf.c:2758 [inlined]
ijl_apply_generic at /cache/build/default-amdci5-2/julialang/julia-release-1-dot-9/src/gf.c:2940
jl_apply at /cache/build/default-amdci5-2/julialang/julia-release-1-dot-9/src/julia.h:1879 [inlined]
start_task at /cache/build/default-amdci5-2/julialang/julia-release-1-dot-9/src/task.c:1092
unknown function (ip: (nil))
jfptr_YY.3_59460.clone_1 at /home/pol/julia-1.9.2/lib/julia/sys.so (unknown line)
wait at ./asyncevent.jl:155 [inlined]
profile_printing_listener at /cache/build/default-amdci5-2/julialang/julia-release-1-dot-9/usr/share/julia/stdlib/v1.9/Profile/src/Profile.jl:39
_jl_invoke at /cache/build/default-amdci5-2/julialang/julia-release-1-dot-9/src/gf.c:2758 [inlined]
ijl_apply_generic at /cache/build/default-amdci5-2/julialang/julia-release-1-dot-9/src/gf.c:2940
_growend! at ./array.jl:1014 [inlined]
push! at ./array.jl:1061 [inlined]
apply_recipe at /home/pol/.julia/packages/RecipesBase/BRe07/src/RecipesBase.jl:301
_jl_invoke at /cache/build/default-amdci5-2/julialang/julia-release-1-dot-9/src/gf.c:2758 [inlined]
ijl_apply_generic at /cache/build/default-amdci5-2/julialang/julia-release-1-dot-9/src/gf.c:2940
_include at ./loading.jl:1963
jl_apply at /cache/build/default-amdci5-2/julialang/julia-release-1-dot-9/src/julia.h:1879 [inlined]
start_task at /cache/build/default-amdci5-2/julialang/julia-release-1-dot-9/src/task.c:1092
unknown function (ip: (nil))
_jl_invoke at /cache/build/default-amdci5-2/julialang/julia-release-1-dot-9/src/gf.c:2736 [inlined]
ijl_apply_generic at /cache/build/default-amdci5-2/julialang/julia-release-1-dot-9/src/gf.c:2940
_include at ./loading.jl:1963
typekeyvalue_eq at /cache/build/default-amdci5-2/julialang/julia-release-1-dot-9/src/jltypes.c:754 [inlined]
lookup_type_setvalue at /cache/build/default-amdci5-2/julialang/julia-release-1-dot-9/src/jltypes.c:822 [inlined]
lookup_typevalue at /cache/build/default-amdci5-2/julialang/julia-release-1-dot-9/src/jltypes.c:894
eval at ./boot.jl:370 [inlined]
include_string at ./loading.jl:1903
_jl_invoke at /cache/build/default-amdci5-2/julialang/julia-release-1-dot-9/src/gf.c:2758 [inlined]
ijl_apply_generic at /cache/build/default-amdci5-2/julialang/julia-release-1-dot-9/src/gf.c:2940
setindex! at ./array.jl:971 [inlined]
setindex! at ./multidimensional.jl:670 [inlined]
macro expansion at ./broadcast.jl:974 [inlined]
macro expansion at ./simdloop.jl:77 [inlined]
copyto! at ./broadcast.jl:973 [inlined]
copyto! at ./broadcast.jl:926 [inlined]
copy at ./broadcast.jl:898 [inlined]
materialize at ./broadcast.jl:873 [inlined]
broadcast_preserving_zero_d at ./broadcast.jl:862 [inlined]
+ at ./arraymath.jl:16
_include at ./loading.jl:1963
macro expansion at /home/pol/cell_crawling/phasefield.jl:312 [inlined]
macro expansion at /home/pol/.julia/packages/Plots/sxUvK/src/animation.jl:251 [inlined]
phasefield_rigged_2! at /home/pol/cell_crawling/phasefield.jl:283
unknown function (ip: 0x7f18d01be5ca)
_jl_invoke at /cache/build/default-amdci5-2/julialang/julia-release-1-dot-9/src/gf.c:2758 [inlined]
ijl_apply_generic at /cache/build/default-amdci5-2/julialang/julia-release-1-dot-9/src/gf.c:2940
macro expansion at ./timing.jl:273 [inlined]
top-level scope at /home/pol/cell_crawling/main.jl:45
jl_inst_arg_tuple_type at /cache/build/default-amdci5-2/julialang/julia-release-1-dot-9/src/jltypes.c:1807
arg_type_tuple at /cache/build/default-amdci5-2/julialang/julia-release-1-dot-9/src/gf.c:2100 [inlined]
jl_lookup_generic_ at /cache/build/default-amdci5-2/julialang/julia-release-1-dot-9/src/gf.c:2884 [inlined]
ijl_apply_generic at /cache/build/default-amdci5-2/julialang/julia-release-1-dot-9/src/gf.c:2936
jl_apply at /cache/build/default-amdci5-2/julialang/julia-release-1-dot-9/src/julia.h:1879 [inlined]
do_apply at /cache/build/default-amdci5-2/julialang/julia-release-1-dot-9/src/builtins.c:730
is3d at /home/pol/.julia/packages/RecipesPipeline/BGM3l/src/utils.jl:156
jfptr_is3d_733 at /home/pol/.julia/compiled/v1.9/RecipesPipeline/QQIne_IHlOI.so (unknown line)
_jl_invoke at /cache/build/default-amdci5-2/julialang/julia-release-1-dot-9/src/gf.c:2758 [inlined]
ijl_apply_generic at /cache/build/default-amdci5-2/julialang/julia-release-1-dot-9/src/gf.c:2940
_include at ./loading.jl:1963
is3d at /home/pol/.julia/packages/RecipesPipeline/BGM3l/src/utils.jl:157
jl_toplevel_eval_flex at /cache/build/default-amdci5-2/julialang/julia-release-1-dot-9/src/toplevel.c:903
jfptr_is3d_735 at /home/pol/.julia/compiled/v1.9/RecipesPipeline/QQIne_IHlOI.so (unknown line)
_jl_invoke at /cache/build/default-amdci5-2/julialang/julia-release-1-dot-9/src/gf.c:2758 [inlined]
ijl_apply_generic at /cache/build/default-amdci5-2/julialang/julia-release-1-dot-9/src/gf.c:2940
_include at ./loading.jl:1963
jl_toplevel_eval_flex at /cache/build/default-amdci5-2/julialang/julia-release-1-dot-9/src/toplevel.c:856
ijl_toplevel_eval_in at /cache/build/default-amdci5-2/julialang/julia-release-1-dot-9/src/toplevel.c:971
eval at ./boot.jl:370 [inlined]
include_string at ./loading.jl:1903
_jl_invoke at /cache/build/default-amdci5-2/julialang/julia-release-1-dot-9/src/gf.c:2758 [inlined]
ijl_apply_generic at /cache/build/default-amdci5-2/julialang/julia-release-1-dot-9/src/gf.c:2940
_recipedata_vector at /home/pol/.julia/packages/RecipesPipeline/BGM3l/src/user_recipe.jl:64
_process_userrecipes! at /home/pol/.julia/packages/RecipesPipeline/BGM3l/src/user_recipe.jl:38
_process_userrecipes! at /home/pol/.julia/packages/RecipesPipeline/BGM3l/src/user_recipe.jl:13
include at ./Base.jl:457
recipe_pipeline! at /home/pol/.julia/packages/RecipesPipeline/BGM3l/src/RecipesPipeline.jl:72
include at ./Base.jl:457
macro expansion at /home/pol/.julia/packages/RecipesPipeline/BGM3l/src/user_recipe.jl:189 [inlined]
apply_recipe at /home/pol/.julia/packages/RecipesBase/BRe07/src/RecipesBase.jl:300
recipe_pipeline! at /home/pol/.julia/packages/RecipesPipeline/BGM3l/src/RecipesPipeline.jl:72
_plot! at /home/pol/.julia/packages/Plots/sxUvK/src/plot.jl:223
_include at ./loading.jl:1963
include at ./Base.jl:457
#plot#188 at /home/pol/.julia/packages/Plots/sxUvK/src/plot.jl:102 [inlined]
plot at /home/pol/.julia/packages/Plots/sxUvK/src/plot.jl:93 [inlined]
#heatmap#381 at /home/pol/.julia/packages/RecipesBase/BRe07/src/RecipesBase.jl:427 [inlined]
heatmap at /home/pol/.julia/packages/RecipesBase/BRe07/src/RecipesBase.jl:427 [inlined]
macro expansion at /home/pol/cell_crawling/phasefield.jl:326 [inlined]
macro expansion at /home/pol/.julia/packages/Plots/sxUvK/src/animation.jl:251 [inlined]
phasefield_rigged_2! at /home/pol/cell_crawling/phasefield.jl:283
unknown function (ip: 0x7f8dd00e27aa)
_jl_invoke at /cache/build/default-amdci5-2/julialang/julia-release-1-dot-9/src/gf.c:2758 [inlined]
ijl_apply_generic at /cache/build/default-amdci5-2/julialang/julia-release-1-dot-9/src/gf.c:2940
macro expansion at ./timing.jl:273 [inlined]
top-level scope at /home/pol/cell_crawling/main.jl:45
jfptr_apply_recipe_19955 at /home/pol/.julia/compiled/v1.9/Plots/ld3vC_IHlOI.so (unknown line)
_jl_invoke at /cache/build/default-amdci5-2/julialang/julia-release-1-dot-9/src/gf.c:2758 [inlined]
ijl_apply_generic at /cache/build/default-amdci5-2/julialang/julia-release-1-dot-9/src/gf.c:2940
jl_toplevel_eval_flex at /cache/build/default-amdci5-2/julialang/julia-release-1-dot-9/src/toplevel.c:903
_plot! at /home/pol/.julia/packages/Plots/sxUvK/src/plot.jl:223
jl_toplevel_eval_flex at /cache/build/default-amdci5-2/julialang/julia-release-1-dot-9/src/toplevel.c:856
ijl_toplevel_eval_in at /cache/build/default-amdci5-2/julialang/julia-release-1-dot-9/src/toplevel.c:971
include at ./Base.jl:457
include at ./Base.jl:457
eval at ./boot.jl:370 [inlined]
include_string at ./loading.jl:1903
_jl_invoke at /cache/build/default-amdci5-2/julialang/julia-release-1-dot-9/src/gf.c:2758 [inlined]
ijl_apply_generic at /cache/build/default-amdci5-2/julialang/julia-release-1-dot-9/src/gf.c:2940
_include at ./loading.jl:1963
#plot#188 at /home/pol/.julia/packages/Plots/sxUvK/src/plot.jl:102 [inlined]
plot at /home/pol/.julia/packages/Plots/sxUvK/src/plot.jl:93 [inlined]
#heatmap#381 at /home/pol/.julia/packages/RecipesBase/BRe07/src/RecipesBase.jl:427 [inlined]
heatmap at /home/pol/.julia/packages/RecipesBase/BRe07/src/RecipesBase.jl:427 [inlined]
macro expansion at /home/pol/cell_crawling/phasefield.jl:326 [inlined]
macro expansion at /home/pol/.julia/packages/Plots/sxUvK/src/animation.jl:251 [inlined]
phasefield_rigged_2! at /home/pol/cell_crawling/phasefield.jl:283
unknown function (ip: 0x7fda109be7aa)
_jl_invoke at /cache/build/default-amdci5-2/julialang/julia-release-1-dot-9/src/gf.c:2758 [inlined]
ijl_apply_generic at /cache/build/default-amdci5-2/julialang/julia-release-1-dot-9/src/gf.c:2940
macro expansion at ./timing.jl:273 [inlined]
top-level scope at /home/pol/cell_crawling/main.jl:45
jl_apply at /cache/build/default-amdci5-2/julialang/julia-release-1-dot-9/src/julia.h:1879 [inlined]
do_apply at /cache/build/default-amdci5-2/julialang/julia-release-1-dot-9/src/builtins.c:730
jl_toplevel_eval_flex at /cache/build/default-amdci5-2/julialang/julia-release-1-dot-9/src/toplevel.c:903
#3 at ./threadingconstructs.jl:404
jfptr_include_32440.clone_1 at /home/pol/julia-1.9.2/lib/julia/sys.so (unknown line)
_jl_invoke at /cache/build/default-amdci5-2/julialang/julia-release-1-dot-9/src/gf.c:2758 [inlined]
ijl_apply_generic at /cache/build/default-amdci5-2/julialang/julia-release-1-dot-9/src/gf.c:2940
_process_userrecipes! at /home/pol/.julia/packages/RecipesPipeline/BGM3l/src/user_recipe.jl:38
jfptr_include_32440.clone_1 at /home/pol/julia-1.9.2/lib/julia/sys.so (unknown line)
_jl_invoke at /cache/build/default-amdci5-2/julialang/julia-release-1-dot-9/src/gf.c:2758 [inlined]
ijl_apply_generic at /cache/build/default-amdci5-2/julialang/julia-release-1-dot-9/src/gf.c:2940
jl_toplevel_eval_flex at /cache/build/default-amdci5-2/julialang/julia-release-1-dot-9/src/toplevel.c:856
ijl_toplevel_eval_in at /cache/build/default-amdci5-2/julialang/julia-release-1-dot-9/src/toplevel.c:971
include at ./Base.jl:457
jfptr_include_32440.clone_1 at /home/pol/julia-1.9.2/lib/julia/sys.so (unknown line)
_jl_invoke at /cache/build/default-amdci5-2/julialang/julia-release-1-dot-9/src/gf.c:2758 [inlined]
ijl_apply_generic at /cache/build/default-amdci5-2/julialang/julia-release-1-dot-9/src/gf.c:2940
recipe_pipeline! at /home/pol/.julia/packages/RecipesPipeline/BGM3l/src/RecipesPipeline.jl:72
jfptr_include_32440.clone_1 at /home/pol/julia-1.9.2/lib/julia/sys.so (unknown line)
_jl_invoke at /cache/build/default-amdci5-2/julialang/julia-release-1-dot-9/src/gf.c:2758 [inlined]
ijl_apply_generic at /cache/build/default-amdci5-2/julialang/julia-release-1-dot-9/src/gf.c:2940
eval at ./boot.jl:370 [inlined]
include_string at ./loading.jl:1903
_jl_invoke at /cache/build/default-amdci5-2/julialang/julia-release-1-dot-9/src/gf.c:2758 [inlined]
ijl_apply_generic at /cache/build/default-amdci5-2/julialang/julia-release-1-dot-9/src/gf.c:2940
_plot! at /home/pol/.julia/packages/Plots/sxUvK/src/plot.jl:223
include at ./Base.jl:457
_include at ./loading.jl:1963
jfptr_include_32440.clone_1 at /home/pol/julia-1.9.2/lib/julia/sys.so (unknown line)
_jl_invoke at /cache/build/default-amdci5-2/julialang/julia-release-1-dot-9/src/gf.c:2758 [inlined]
ijl_apply_generic at /cache/build/default-amdci5-2/julialang/julia-release-1-dot-9/src/gf.c:2940
#plot#188 at /home/pol/.julia/packages/Plots/sxUvK/src/plot.jl:102 [inlined]
plot at /home/pol/.julia/packages/Plots/sxUvK/src/plot.jl:93 [inlined]
#heatmap#381 at /home/pol/.julia/packages/RecipesBase/BRe07/src/RecipesBase.jl:427 [inlined]
heatmap at /home/pol/.julia/packages/RecipesBase/BRe07/src/RecipesBase.jl:427 [inlined]
macro expansion at /home/pol/cell_crawling/phasefield.jl:326 [inlined]
macro expansion at /home/pol/.julia/packages/Plots/sxUvK/src/animation.jl:251 [inlined]
phasefield_rigged_2! at /home/pol/cell_crawling/phasefield.jl:283
unknown function (ip: 0x7f70b005c7aa)
_jl_invoke at /cache/build/default-amdci5-2/julialang/julia-release-1-dot-9/src/gf.c:2758 [inlined]
ijl_apply_generic at /cache/build/default-amdci5-2/julialang/julia-release-1-dot-9/src/gf.c:2940
macro expansion at ./timing.jl:273 [inlined]
top-level scope at /home/pol/cell_crawling/main.jl:45
jl_toplevel_eval_flex at /cache/build/default-amdci5-2/julialang/julia-release-1-dot-9/src/toplevel.c:903
exec_options at ./client.jl:307
jl_toplevel_eval_flex at /cache/build/default-amdci5-2/julialang/julia-release-1-dot-9/src/toplevel.c:856
ijl_toplevel_eval_in at /cache/build/default-amdci5-2/julialang/julia-release-1-dot-9/src/toplevel.c:971
exec_options at ./client.jl:307
jfptr_include_32440.clone_1 at /home/pol/julia-1.9.2/lib/julia/sys.so (unknown line)
_jl_invoke at /cache/build/default-amdci5-2/julialang/julia-release-1-dot-9/src/gf.c:2758 [inlined]
ijl_apply_generic at /cache/build/default-amdci5-2/julialang/julia-release-1-dot-9/src/gf.c:2940
exec_options at ./client.jl:307
include at ./Base.jl:457
exec_options at ./client.jl:307
jfptr_include_32440.clone_1 at /home/pol/julia-1.9.2/lib/julia/sys.so (unknown line)
_jl_invoke at /cache/build/default-amdci5-2/julialang/julia-release-1-dot-9/src/gf.c:2758 [inlined]
ijl_apply_generic at /cache/build/default-amdci5-2/julialang/julia-release-1-dot-9/src/gf.c:2940
_include at ./loading.jl:1963
exec_options at ./client.jl:307
eval at ./boot.jl:370 [inlined]
include_string at ./loading.jl:1903
_jl_invoke at /cache/build/default-amdci5-2/julialang/julia-release-1-dot-9/src/gf.c:2758 [inlined]
ijl_apply_generic at /cache/build/default-amdci5-2/julialang/julia-release-1-dot-9/src/gf.c:2940
_start at ./client.jl:522
jfptr_YY.3_59460.clone_1 at /home/pol/julia-1.9.2/lib/julia/sys.so (unknown line)
_start at ./client.jl:522
exec_options at ./client.jl:307
_jl_invoke at /cache/build/default-amdci5-2/julialang/julia-release-1-dot-9/src/gf.c:2758 [inlined]
ijl_apply_generic at /cache/build/default-amdci5-2/julialang/julia-release-1-dot-9/src/gf.c:2940
_start at ./client.jl:522
eval at ./boot.jl:370 [inlined]
include_string at ./loading.jl:1903
_jl_invoke at /cache/build/default-amdci5-2/julialang/julia-release-1-dot-9/src/gf.c:2758 [inlined]
ijl_apply_generic at /cache/build/default-amdci5-2/julialang/julia-release-1-dot-9/src/gf.c:2940
jl_apply at /cache/build/default-amdci5-2/julialang/julia-release-1-dot-9/src/julia.h:1879 [inlined]
start_task at /cache/build/default-amdci5-2/julialang/julia-release-1-dot-9/src/task.c:1092
unknown function (ip: (nil))
jfptr_include_32440.clone_1 at /home/pol/julia-1.9.2/lib/julia/sys.so (unknown line)
_jl_invoke at /cache/build/default-amdci5-2/julialang/julia-release-1-dot-9/src/gf.c:2758 [inlined]
ijl_apply_generic at /cache/build/default-amdci5-2/julialang/julia-release-1-dot-9/src/gf.c:2940
unknown function (ip: 0x7fc144a61e80)
_start at ./client.jl:522
include at ./Base.jl:457
_start at ./client.jl:522
exec_options at ./client.jl:307
jfptr__start_43375.clone_1 at /home/pol/julia-1.9.2/lib/julia/sys.so (unknown line)
_jl_invoke at /cache/build/default-amdci5-2/julialang/julia-release-1-dot-9/src/gf.c:2758 [inlined]
ijl_apply_generic at /cache/build/default-amdci5-2/julialang/julia-release-1-dot-9/src/gf.c:2940
_include at ./loading.jl:1963
jl_apply at /cache/build/default-amdci5-2/julialang/julia-release-1-dot-9/src/julia.h:1879 [inlined]
true_main at /cache/build/default-amdci5-2/julialang/julia-release-1-dot-9/src/jlapi.c:573
jl_repl_entrypoint at /cache/build/default-amdci5-2/julialang/julia-release-1-dot-9/src/jlapi.c:717
jfptr__start_43375.clone_1 at /home/pol/julia-1.9.2/lib/julia/sys.so (unknown line)
main at julia (unknown line)
_jl_invoke at /cache/build/default-amdci5-2/julialang/julia-release-1-dot-9/src/gf.c:2758 [inlined]
ijl_apply_generic at /cache/build/default-amdci5-2/julialang/julia-release-1-dot-9/src/gf.c:2940
__libc_start_main at /lib/x86_64-linux-gnu/libc.so.6 (unknown line)
unknown function (ip: 0x401098)
unknown function (ip: (nil))
Allocations: 18137610473 (Pool: 18126739299; Big: 10871174); GC: 272092
jl_gc_free_array at /cache/build/default-amdci5-2/julialang/julia-release-1-dot-9/src/gc.c:1348 [inlined]
sweep_malloced_arrays at /cache/build/default-amdci5-2/julialang/julia-release-1-dot-9/src/gc.c:1373 [inlined]
gc_sweep_other at /cache/build/default-amdci5-2/julialang/julia-release-1-dot-9/src/gc.c:1729 [inlined]
_jl_gc_collect at /cache/build/default-amdci5-2/julialang/julia-release-1-dot-9/src/gc.c:3537
ijl_gc_collect at /cache/build/default-amdci5-2/julialang/julia-release-1-dot-9/src/gc.c:3706
_start at ./client.jl:522
jl_apply at /cache/build/default-amdci5-2/julialang/julia-release-1-dot-9/src/julia.h:1879 [inlined]
true_main at /cache/build/default-amdci5-2/julialang/julia-release-1-dot-9/src/jlapi.c:573
jl_repl_entrypoint at /cache/build/default-amdci5-2/julialang/julia-release-1-dot-9/src/jlapi.c:717
main at julia (unknown line)
__libc_start_main at /lib/x86_64-linux-gnu/libc.so.6 (unknown line)
unknown function (ip: 0x401098)
unknown function (ip: (nil))
Allocations: 8586001 (Pool: 8581226; Big: 4775); GC: 1924
jfptr__start_43375.clone_1 at /home/pol/julia-1.9.2/lib/julia/sys.so (unknown line)
_jl_invoke at /cache/build/default-amdci5-2/julialang/julia-release-1-dot-9/src/gf.c:2758 [inlined]
ijl_apply_generic at /cache/build/default-amdci5-2/julialang/julia-release-1-dot-9/src/gf.c:2940
17.5:2.5:20.0
22.5:2.5:25.0
27.5:2.5:30.0
32.5:2.5:35.0
maybe_collect at /cache/build/default-amdci5-2/julialang/julia-release-1-dot-9/src/gc.c:1078 [inlined]
jl_gc_pool_alloc_inner at /cache/build/default-amdci5-2/julialang/julia-release-1-dot-9/src/gc.c:1443 [inlined]
jl_gc_pool_alloc_noinline at /cache/build/default-amdci5-2/julialang/julia-release-1-dot-9/src/gc.c:1504
_include at ./loading.jl:1963
jl_apply at /cache/build/default-amdci5-2/julialang/julia-release-1-dot-9/src/julia.h:1879 [inlined]
true_main at /cache/build/default-amdci5-2/julialang/julia-release-1-dot-9/src/jlapi.c:573
jl_repl_entrypoint at /cache/build/default-amdci5-2/julialang/julia-release-1-dot-9/src/jlapi.c:717
main at julia (unknown line)
jl_gc_alloc_ at /cache/build/default-amdci5-2/julialang/julia-release-1-dot-9/src/julia_internal.h:460 [inlined]
_new_array_ at /cache/build/default-amdci5-2/julialang/julia-release-1-dot-9/src/array.c:144 [inlined]
_new_array at /cache/build/default-amdci5-2/julialang/julia-release-1-dot-9/src/array.c:198 [inlined]
ijl_alloc_array_2d at /cache/build/default-amdci5-2/julialang/julia-release-1-dot-9/src/array.c:443
__libc_start_main at /lib/x86_64-linux-gnu/libc.so.6 (unknown line)
unknown function (ip: 0x401098)
unknown function (ip: (nil))
Allocations: 18390293343 (Pool: 18379270760; Big: 11022583); GC: 275883
jfptr__start_43375.clone_1 at /home/pol/julia-1.9.2/lib/julia/sys.so (unknown line)
_jl_invoke at /cache/build/default-amdci5-2/julialang/julia-release-1-dot-9/src/gf.c:2758 [inlined]
ijl_apply_generic at /cache/build/default-amdci5-2/julialang/julia-release-1-dot-9/src/gf.c:2940
exec_options at ./client.jl:307
jl_apply at /cache/build/default-amdci5-2/julialang/julia-release-1-dot-9/src/julia.h:1879 [inlined]
true_main at /cache/build/default-amdci5-2/julialang/julia-release-1-dot-9/src/jlapi.c:573
jl_repl_entrypoint at /cache/build/default-amdci5-2/julialang/julia-release-1-dot-9/src/jlapi.c:717
main at julia (unknown line)
__libc_start_main at /lib/x86_64-linux-gnu/libc.so.6 (unknown line)
unknown function (ip: 0x401098)
unknown function (ip: (nil))
Allocations: 8585710 (Pool: 8580938; Big: 4772); GC: 1923
17.5:2.5:20.0
22.5:2.5:25.0
27.5:2.5:30.0
32.5:2.5:35.0
jfptr__start_43375.clone_1 at /home/pol/julia-1.9.2/lib/julia/sys.so (unknown line)
_jl_invoke at /cache/build/default-amdci5-2/julialang/julia-release-1-dot-9/src/gf.c:2758 [inlined]
ijl_apply_generic at /cache/build/default-amdci5-2/julialang/julia-release-1-dot-9/src/gf.c:2940
jfptr_include_32440.clone_1 at /home/pol/julia-1.9.2/lib/julia/sys.so (unknown line)
_jl_invoke at /cache/build/default-amdci5-2/julialang/julia-release-1-dot-9/src/gf.c:2758 [inlined]
ijl_apply_generic at /cache/build/default-amdci5-2/julialang/julia-release-1-dot-9/src/gf.c:2940
jl_apply at /cache/build/default-amdci5-2/julialang/julia-release-1-dot-9/src/julia.h:1879 [inlined]
true_main at /cache/build/default-amdci5-2/julialang/julia-release-1-dot-9/src/jlapi.c:573
jl_repl_entrypoint at /cache/build/default-amdci5-2/julialang/julia-release-1-dot-9/src/jlapi.c:717
main at julia (unknown line)
__libc_start_main at /lib/x86_64-linux-gnu/libc.so.6 (unknown line)
unknown function (ip: 0x401098)
unknown function (ip: (nil))
Allocations: 18367803138 (Pool: 18356793839; Big: 11009299); GC: 275550
jfptr__start_43375.clone_1 at /home/pol/julia-1.9.2/lib/julia/sys.so (unknown line)
_jl_invoke at /cache/build/default-amdci5-2/julialang/julia-release-1-dot-9/src/gf.c:2758 [inlined]
ijl_apply_generic at /cache/build/default-amdci5-2/julialang/julia-release-1-dot-9/src/gf.c:2940
jl_apply at /cache/build/default-amdci5-2/julialang/julia-release-1-dot-9/src/julia.h:1879 [inlined]
true_main at /cache/build/default-amdci5-2/julialang/julia-release-1-dot-9/src/jlapi.c:573
jl_repl_entrypoint at /cache/build/default-amdci5-2/julialang/julia-release-1-dot-9/src/jlapi.c:717
main at julia (unknown line)
__libc_start_main at /lib/x86_64-linux-gnu/libc.so.6 (unknown line)
unknown function (ip: 0x401098)
unknown function (ip: (nil))
Allocations: 8576496 (Pool: 8571727; Big: 4769); GC: 1903
Array at ./boot.jl:479 [inlined]
Array at ./boot.jl:487 [inlined]
Array at ./boot.jl:494 [inlined]
similar at ./abstractarray.jl:882 [inlined]
similar at ./abstractarray.jl:881 [inlined]
similar at ./broadcast.jl:212 [inlined]
similar at ./broadcast.jl:211 [inlined]
copy at ./broadcast.jl:898 [inlined]
materialize at ./broadcast.jl:873 [inlined]
broadcast_preserving_zero_d at ./broadcast.jl:862 [inlined]
+ at ./arraymath.jl:16
include at ./Base.jl:457
_start at ./client.jl:522
macro expansion at /home/pol/cell_crawling/phasefield.jl:312 [inlined]
macro expansion at /home/pol/.julia/packages/Plots/sxUvK/src/animation.jl:251 [inlined]
phasefield_rigged_2! at /home/pol/cell_crawling/phasefield.jl:283
unknown function (ip: 0x7fc0b49767aa)
_jl_invoke at /cache/build/default-amdci5-2/julialang/julia-release-1-dot-9/src/gf.c:2758 [inlined]
ijl_apply_generic at /cache/build/default-amdci5-2/julialang/julia-release-1-dot-9/src/gf.c:2940
macro expansion at ./timing.jl:273 [inlined]
top-level scope at /home/pol/cell_crawling/main.jl:45
_start at ./client.jl:522
include at ./Base.jl:457
jl_toplevel_eval_flex at /cache/build/default-amdci5-2/julialang/julia-release-1-dot-9/src/toplevel.c:903
jl_toplevel_eval_flex at /cache/build/default-amdci5-2/julialang/julia-release-1-dot-9/src/toplevel.c:856
ijl_toplevel_eval_in at /cache/build/default-amdci5-2/julialang/julia-release-1-dot-9/src/toplevel.c:971
exec_options at ./client.jl:307
jfptr_include_32440.clone_1 at /home/pol/julia-1.9.2/lib/julia/sys.so (unknown line)
_jl_invoke at /cache/build/default-amdci5-2/julialang/julia-release-1-dot-9/src/gf.c:2758 [inlined]
ijl_apply_generic at /cache/build/default-amdci5-2/julialang/julia-release-1-dot-9/src/gf.c:2940
jfptr__start_43375.clone_1 at /home/pol/julia-1.9.2/lib/julia/sys.so (unknown line)
jfptr__start_43375.clone_1 at /home/pol/julia-1.9.2/lib/julia/sys.so (unknown line)
_jl_invoke at /cache/build/default-amdci5-2/julialang/julia-release-1-dot-9/src/gf.c:2758 [inlined]
ijl_apply_generic at /cache/build/default-amdci5-2/julialang/julia-release-1-dot-9/src/gf.c:2940
_jl_invoke at /cache/build/default-amdci5-2/julialang/julia-release-1-dot-9/src/gf.c:2758 [inlined]
ijl_apply_generic at /cache/build/default-amdci5-2/julialang/julia-release-1-dot-9/src/gf.c:2940
jl_apply at /cache/build/default-amdci5-2/julialang/julia-release-1-dot-9/src/julia.h:1879 [inlined]
true_main at /cache/build/default-amdci5-2/julialang/julia-release-1-dot-9/src/jlapi.c:573
jl_apply at /cache/build/default-amdci5-2/julialang/julia-release-1-dot-9/src/julia.h:1879 [inlined]
true_main at /cache/build/default-amdci5-2/julialang/julia-release-1-dot-9/src/jlapi.c:573
jl_repl_entrypoint at /cache/build/default-amdci5-2/julialang/julia-release-1-dot-9/src/jlapi.c:717
main at julia (unknown line)
jl_repl_entrypoint at /cache/build/default-amdci5-2/julialang/julia-release-1-dot-9/src/jlapi.c:717
main at julia (unknown line)
__libc_start_main at /lib/x86_64-linux-gnu/libc.so.6 (unknown line)
unknown function (ip: 0x401098)
__libc_start_main at /lib/x86_64-linux-gnu/libc.so.6 (unknown line)
unknown function (ip: 0x401098)
unknown function (ip: (nil))
Allocations: 8585423 (Pool: 8580650; Big: 4773); GC: 1921
unknown function (ip: (nil))
Allocations: 18250583240 (Pool: 18239644198; Big: 10939042); GC: 273791
17.5:2.5:20.0
22.5:2.5:25.0
27.5:2.5:30.0
32.5:2.5:35.0
jfptr_include_32440.clone_1 at /home/pol/julia-1.9.2/lib/julia/sys.so (unknown line)
_jl_invoke at /cache/build/default-amdci5-2/julialang/julia-release-1-dot-9/src/gf.c:2758 [inlined]
ijl_apply_generic at /cache/build/default-amdci5-2/julialang/julia-release-1-dot-9/src/gf.c:2940
_start at ./client.jl:522
exec_options at ./client.jl:307
eval at ./boot.jl:370 [inlined]
include_string at ./loading.jl:1903
_jl_invoke at /cache/build/default-amdci5-2/julialang/julia-release-1-dot-9/src/gf.c:2758 [inlined]
ijl_apply_generic at /cache/build/default-amdci5-2/julialang/julia-release-1-dot-9/src/gf.c:2940
exec_options at ./client.jl:307
_start at ./client.jl:522
jfptr__start_43375.clone_1 at /home/pol/julia-1.9.2/lib/julia/sys.so (unknown line)
_jl_invoke at /cache/build/default-amdci5-2/julialang/julia-release-1-dot-9/src/gf.c:2758 [inlined]
ijl_apply_generic at /cache/build/default-amdci5-2/julialang/julia-release-1-dot-9/src/gf.c:2940
jl_apply at /cache/build/default-amdci5-2/julialang/julia-release-1-dot-9/src/julia.h:1879 [inlined]
true_main at /cache/build/default-amdci5-2/julialang/julia-release-1-dot-9/src/jlapi.c:573
jl_repl_entrypoint at /cache/build/default-amdci5-2/julialang/julia-release-1-dot-9/src/jlapi.c:717
main at julia (unknown line)
__libc_start_main at /lib/x86_64-linux-gnu/libc.so.6 (unknown line)
unknown function (ip: 0x401098)
unknown function (ip: (nil))
Allocations: 18337076546 (Pool: 18326085747; Big: 10990799); GC: 275087
jfptr__start_43375.clone_1 at /home/pol/julia-1.9.2/lib/julia/sys.so (unknown line)
_jl_invoke at /cache/build/default-amdci5-2/julialang/julia-release-1-dot-9/src/gf.c:2758 [inlined]
ijl_apply_generic at /cache/build/default-amdci5-2/julialang/julia-release-1-dot-9/src/gf.c:2940
_start at ./client.jl:522
jl_apply at /cache/build/default-amdci5-2/julialang/julia-release-1-dot-9/src/julia.h:1879 [inlined]
true_main at /cache/build/default-amdci5-2/julialang/julia-release-1-dot-9/src/jlapi.c:573
jl_repl_entrypoint at /cache/build/default-amdci5-2/julialang/julia-release-1-dot-9/src/jlapi.c:717
main at julia (unknown line)
__libc_start_main at /lib/x86_64-linux-gnu/libc.so.6 (unknown line)
unknown function (ip: 0x401098)
unknown function (ip: (nil))
Allocations: 18438701297 (Pool: 18427649423; Big: 11051874); GC: 276616
_include at ./loading.jl:1963
jfptr__start_43375.clone_1 at /home/pol/julia-1.9.2/lib/julia/sys.so (unknown line)
_jl_invoke at /cache/build/default-amdci5-2/julialang/julia-release-1-dot-9/src/gf.c:2758 [inlined]
ijl_apply_generic at /cache/build/default-amdci5-2/julialang/julia-release-1-dot-9/src/gf.c:2940
jl_apply at /cache/build/default-amdci5-2/julialang/julia-release-1-dot-9/src/julia.h:1879 [inlined]
true_main at /cache/build/default-amdci5-2/julialang/julia-release-1-dot-9/src/jlapi.c:573
jl_repl_entrypoint at /cache/build/default-amdci5-2/julialang/julia-release-1-dot-9/src/jlapi.c:717
main at julia (unknown line)
__libc_start_main at /lib/x86_64-linux-gnu/libc.so.6 (unknown line)
unknown function (ip: 0x401098)
unknown function (ip: (nil))
Allocations: 18499490568 (Pool: 18488402436; Big: 11088132); GC: 277524
include at ./Base.jl:457
jfptr_include_32440.clone_1 at /home/pol/julia-1.9.2/lib/julia/sys.so (unknown line)
_jl_invoke at /cache/build/default-amdci5-2/julialang/julia-release-1-dot-9/src/gf.c:2758 [inlined]
ijl_apply_generic at /cache/build/default-amdci5-2/julialang/julia-release-1-dot-9/src/gf.c:2940
exec_options at ./client.jl:307
_start at ./client.jl:522
jfptr__start_43375.clone_1 at /home/pol/julia-1.9.2/lib/julia/sys.so (unknown line)
_jl_invoke at /cache/build/default-amdci5-2/julialang/julia-release-1-dot-9/src/gf.c:2758 [inlined]
ijl_apply_generic at /cache/build/default-amdci5-2/julialang/julia-release-1-dot-9/src/gf.c:2940
jl_apply at /cache/build/default-amdci5-2/julialang/julia-release-1-dot-9/src/julia.h:1879 [inlined]
true_main at /cache/build/default-amdci5-2/julialang/julia-release-1-dot-9/src/jlapi.c:573
jl_repl_entrypoint at /cache/build/default-amdci5-2/julialang/julia-release-1-dot-9/src/jlapi.c:717
main at julia (unknown line)
__libc_start_main at /lib/x86_64-linux-gnu/libc.so.6 (unknown line)
unknown function (ip: 0x401098)
unknown function (ip: (nil))
Allocations: 18384976012 (Pool: 18373956454; Big: 11019558); GC: 275806
[ Info: Saved animation to /home/pol/figs_rigged_arreglat/pf_4_A_2_B_27.5.gif
[ Info: Saved animation to /home/pol/figs_rigged_arreglat/pf_4_A_2_B_30.0.gif
[ Info: Saved animation to /home/pol/figs_rigged_arreglat/pf_4_A_3_B_27.5.gif
[ Info: Saved animation to /home/pol/figs_rigged_arreglat/pf_4_A_3_B_30.0.gif
[ Info: Saved animation to /home/pol/figs_rigged_arreglat/pf_4_A_4_B_27.5.gif
[ Info: Saved animation to /home/pol/figs_rigged_arreglat/pf_4_A_4_B_30.0.gif
[ Info: Saved animation to /home/pol/figs_rigged_arreglat/pf_4_A_5_B_27.5.gif
[ Info: Saved animation to /home/pol/figs_rigged_arreglat/pf_4_A_5_B_30.0.gif
[ Info: Saved animation to /home/pol/figs_rigged_arreglat/pf_4_A_6_B_27.5.gif
[ Info: Saved animation to /home/pol/figs_rigged_arreglat/pf_4_A_6_B_30.0.gif
[ Info: Saved animation to /home/pol/figs_rigged_arreglat/pf_4_A_7_B_27.5.gif
[ Info: Saved animation to /home/pol/figs_rigged_arreglat/pf_4_A_7_B_30.0.gif
[ Info: Saved animation to /home/pol/figs_rigged_arreglat/pf_4_A_8_B_27.5.gif
27.5:2.5:30.0
451.378145 seconds (1.36 G allocations: 856.797 GiB, 5.79% gc time, 0.45% compilation time)
453.292926 seconds (1.35 G allocations: 856.540 GiB, 6.01% gc time)
455.214321 seconds (1.35 G allocations: 856.541 GiB, 6.16% gc time)
460.356487 seconds (1.35 G allocations: 856.541 GiB, 6.25% gc time)
460.952662 seconds (1.35 G allocations: 856.540 GiB, 6.30% gc time)
461.748129 seconds (1.35 G allocations: 856.540 GiB, 6.35% gc time)
461.221087 seconds (1.35 G allocations: 856.538 GiB, 6.37% gc time)
465.055435 seconds (1.35 G allocations: 856.540 GiB, 6.36% gc time)
461.257049 seconds (1.35 G allocations: 856.539 GiB, 6.39% gc time)
461.714449 seconds (1.35 G allocations: 856.538 GiB, 6.42% gc time)
465.748551 seconds (1.35 G allocations: 856.538 GiB, 6.41% gc time)
463.147263 seconds (1.35 G allocations: 856.538 GiB, 6.45% gc time)
472.233398 seconds (1.35 G allocations: 856.538 GiB, 6.47% gc time)
[ Info: Saved animation to /home/pol/figs_rigged_arreglat/pf_4_A_2_B_37.5.gif
[ Info: Saved animation to /home/pol/figs_rigged_arreglat/pf_4_A_2_B_40.0.gif
[ Info: Saved animation to /home/pol/figs_rigged_arreglat/pf_4_A_3_B_37.5.gif
[ Info: Saved animation to /home/pol/figs_rigged_arreglat/pf_4_A_3_B_40.0.gif
[ Info: Saved animation to /home/pol/figs_rigged_arreglat/pf_4_A_4_B_37.5.gif
[ Info: Saved animation to /home/pol/figs_rigged_arreglat/pf_4_A_4_B_40.0.gif
[ Info: Saved animation to /home/pol/figs_rigged_arreglat/pf_4_A_5_B_37.5.gif
[ Info: Saved animation to /home/pol/figs_rigged_arreglat/pf_4_A_5_B_40.0.gif
[ Info: Saved animation to /home/pol/figs_rigged_arreglat/pf_4_A_6_B_37.5.gif
[ Info: Saved animation to /home/pol/figs_rigged_arreglat/pf_4_A_6_B_40.0.gif
[ Info: Saved animation to /home/pol/figs_rigged_arreglat/pf_4_A_7_B_37.5.gif
[ Info: Saved animation to /home/pol/figs_rigged_arreglat/pf_4_A_7_B_40.0.gif
[ Info: Saved animation to /home/pol/figs_rigged_arreglat/pf_4_A_8_B_37.5.gif
37.5:2.5:40.0
456.377205 seconds (1.36 G allocations: 856.799 GiB, 5.70% gc time, 0.44% compilation time)
454.972958 seconds (1.35 G allocations: 856.545 GiB, 5.90% gc time)
455.514886 seconds (1.35 G allocations: 856.544 GiB, 6.00% gc time)
464.879173 seconds (1.35 G allocations: 856.541 GiB, 6.05% gc time)
462.454186 seconds (1.35 G allocations: 856.541 GiB, 6.18% gc time)
462.350540 seconds (1.35 G allocations: 856.542 GiB, 6.22% gc time)
466.380301 seconds (1.35 G allocations: 856.540 GiB, 6.24% gc time)
466.483488 seconds (1.35 G allocations: 856.540 GiB, 6.26% gc time)
461.566950 seconds (1.35 G allocations: 856.539 GiB, 6.29% gc time)
464.410240 seconds (1.35 G allocations: 856.538 GiB, 6.31% gc time)
467.801332 seconds (1.35 G allocations: 856.539 GiB, 6.31% gc time)
468.397072 seconds (1.35 G allocations: 856.538 GiB, 6.34% gc time)
476.636729 seconds (1.35 G allocations: 856.539 GiB, 6.36% gc time)
[ Info: Saved animation to /home/pol/figs_rigged_arreglat/pf_4_A_2_B_12.5.gif
[ Info: Saved animation to /home/pol/figs_rigged_arreglat/pf_4_A_2_B_15.0.gif
[ Info: Saved animation to /home/pol/figs_rigged_arreglat/pf_4_A_3_B_12.5.gif
[ Info: Saved animation to /home/pol/figs_rigged_arreglat/pf_4_A_3_B_15.0.gif
[ Info: Saved animation to /home/pol/figs_rigged_arreglat/pf_4_A_4_B_12.5.gif
[ Info: Saved animation to /home/pol/figs_rigged_arreglat/pf_4_A_4_B_15.0.gif
[ Info: Saved animation to /home/pol/figs_rigged_arreglat/pf_4_A_5_B_12.5.gif
[ Info: Saved animation to /home/pol/figs_rigged_arreglat/pf_4_A_5_B_15.0.gif
[ Info: Saved animation to /home/pol/figs_rigged_arreglat/pf_4_A_6_B_12.5.gif
[ Info: Saved animation to /home/pol/figs_rigged_arreglat/pf_4_A_6_B_15.0.gif
[ Info: Saved animation to /home/pol/figs_rigged_arreglat/pf_4_A_7_B_12.5.gif
[ Info: Saved animation to /home/pol/figs_rigged_arreglat/pf_4_A_7_B_15.0.gif
[ Info: Saved animation to /home/pol/figs_rigged_arreglat/pf_4_A_8_B_12.5.gif
12.5:2.5:15.0
452.773126 seconds (1.36 G allocations: 856.795 GiB, 5.73% gc time, 0.45% compilation time)
453.929488 seconds (1.35 G allocations: 856.538 GiB, 5.98% gc time)
462.086644 seconds (1.35 G allocations: 856.539 GiB, 6.08% gc time)
464.303203 seconds (1.35 G allocations: 856.538 GiB, 6.18% gc time)
464.856913 seconds (1.35 G allocations: 856.537 GiB, 6.25% gc time)
462.913514 seconds (1.35 G allocations: 856.539 GiB, 6.30% gc time)
463.397937 seconds (1.35 G allocations: 856.539 GiB, 6.31% gc time)
465.150247 seconds (1.35 G allocations: 856.538 GiB, 6.32% gc time)
465.106723 seconds (1.35 G allocations: 856.538 GiB, 6.35% gc time)
468.547100 seconds (1.35 G allocations: 856.539 GiB, 6.34% gc time)
464.594670 seconds (1.35 G allocations: 856.539 GiB, 6.39% gc time)
471.487064 seconds (1.35 G allocations: 856.539 GiB, 6.34% gc time)
478.276359 seconds (1.35 G allocations: 856.538 GiB, 6.40% gc time)
[ Info: Saved animation to /home/pol/figs_rigged_arreglat/pf_4_A_2_B_32.5.gif
[ Info: Saved animation to /home/pol/figs_rigged_arreglat/pf_4_A_2_B_35.0.gif
[ Info: Saved animation to /home/pol/figs_rigged_arreglat/pf_4_A_3_B_32.5.gif
[ Info: Saved animation to /home/pol/figs_rigged_arreglat/pf_4_A_3_B_35.0.gif
[ Info: Saved animation to /home/pol/figs_rigged_arreglat/pf_4_A_4_B_32.5.gif
[ Info: Saved animation to /home/pol/figs_rigged_arreglat/pf_4_A_4_B_35.0.gif
[ Info: Saved animation to /home/pol/figs_rigged_arreglat/pf_4_A_5_B_32.5.gif
[ Info: Saved animation to /home/pol/figs_rigged_arreglat/pf_4_A_5_B_35.0.gif
[ Info: Saved animation to /home/pol/figs_rigged_arreglat/pf_4_A_6_B_32.5.gif
[ Info: Saved animation to /home/pol/figs_rigged_arreglat/pf_4_A_6_B_35.0.gif
[ Info: Saved animation to /home/pol/figs_rigged_arreglat/pf_4_A_7_B_32.5.gif
[ Info: Saved animation to /home/pol/figs_rigged_arreglat/pf_4_A_7_B_35.0.gif
[ Info: Saved animation to /home/pol/figs_rigged_arreglat/pf_4_A_8_B_32.5.gif
32.5:2.5:35.0
456.357770 seconds (1.36 G allocations: 856.800 GiB, 5.69% gc time, 0.44% compilation time)
459.157771 seconds (1.35 G allocations: 856.544 GiB, 5.82% gc time)
465.175305 seconds (1.35 G allocations: 856.542 GiB, 5.94% gc time)
465.676221 seconds (1.35 G allocations: 856.541 GiB, 6.06% gc time)
468.821234 seconds (1.35 G allocations: 856.539 GiB, 6.15% gc time)
473.117002 seconds (1.35 G allocations: 856.540 GiB, 6.20% gc time)
473.942620 seconds (1.35 G allocations: 856.539 GiB, 6.24% gc time)
473.302912 seconds (1.35 G allocations: 856.540 GiB, 6.27% gc time)
473.651731 seconds (1.35 G allocations: 856.540 GiB, 6.27% gc time)
473.104397 seconds (1.35 G allocations: 856.538 GiB, 6.28% gc time)
473.866446 seconds (1.35 G allocations: 856.539 GiB, 6.30% gc time)
473.680169 seconds (1.35 G allocations: 856.539 GiB, 6.32% gc time)
481.094160 seconds (1.35 G allocations: 856.539 GiB, 6.34% gc time)
[ Info: Saved animation to /home/pol/figs_rigged_arreglat/pf_4_A_2_B_7.5.gif
[ Info: Saved animation to /home/pol/figs_rigged_arreglat/pf_4_A_2_B_10.0.gif
[ Info: Saved animation to /home/pol/figs_rigged_arreglat/pf_4_A_3_B_7.5.gif
[ Info: Saved animation to /home/pol/figs_rigged_arreglat/pf_4_A_3_B_10.0.gif
[ Info: Saved animation to /home/pol/figs_rigged_arreglat/pf_4_A_4_B_7.5.gif
[ Info: Saved animation to /home/pol/figs_rigged_arreglat/pf_4_A_4_B_10.0.gif
[ Info: Saved animation to /home/pol/figs_rigged_arreglat/pf_4_A_5_B_7.5.gif
[ Info: Saved animation to /home/pol/figs_rigged_arreglat/pf_4_A_5_B_10.0.gif
[ Info: Saved animation to /home/pol/figs_rigged_arreglat/pf_4_A_6_B_7.5.gif
[ Info: Saved animation to /home/pol/figs_rigged_arreglat/pf_4_A_6_B_10.0.gif
[ Info: Saved animation to /home/pol/figs_rigged_arreglat/pf_4_A_7_B_7.5.gif
[ Info: Saved animation to /home/pol/figs_rigged_arreglat/pf_4_A_7_B_10.0.gif
[ Info: Saved animation to /home/pol/figs_rigged_arreglat/pf_4_A_8_B_7.5.gif
7.5:2.5:10.0
458.128469 seconds (1.36 G allocations: 856.795 GiB, 5.76% gc time, 0.44% compilation time)
457.482957 seconds (1.35 G allocations: 856.541 GiB, 6.00% gc time)
466.676195 seconds (1.35 G allocations: 856.540 GiB, 6.10% gc time)
466.735244 seconds (1.35 G allocations: 856.539 GiB, 6.19% gc time)
468.198229 seconds (1.35 G allocations: 856.538 GiB, 6.27% gc time)
467.435713 seconds (1.35 G allocations: 856.538 GiB, 6.30% gc time)
467.120407 seconds (1.35 G allocations: 856.538 GiB, 6.34% gc time)
465.351930 seconds (1.35 G allocations: 856.538 GiB, 6.37% gc time)
468.361751 seconds (1.35 G allocations: 856.536 GiB, 6.35% gc time)
469.311796 seconds (1.35 G allocations: 856.538 GiB, 6.36% gc time)
466.574652 seconds (1.35 G allocations: 856.538 GiB, 6.38% gc time)
470.898612 seconds (1.35 G allocations: 856.538 GiB, 6.38% gc time)
480.712184 seconds (1.35 G allocations: 856.538 GiB, 6.43% gc time)
[ Info: Saved animation to /home/pol/figs_rigged_arreglat/pf_4_A_2_B_2.5.gif
[ Info: Saved animation to /home/pol/figs_rigged_arreglat/pf_4_A_2_B_5.0.gif
[ Info: Saved animation to /home/pol/figs_rigged_arreglat/pf_4_A_3_B_2.5.gif
[ Info: Saved animation to /home/pol/figs_rigged_arreglat/pf_4_A_3_B_5.0.gif
[ Info: Saved animation to /home/pol/figs_rigged_arreglat/pf_4_A_4_B_2.5.gif
[ Info: Saved animation to /home/pol/figs_rigged_arreglat/pf_4_A_4_B_5.0.gif
[ Info: Saved animation to /home/pol/figs_rigged_arreglat/pf_4_A_5_B_2.5.gif
[ Info: Saved animation to /home/pol/figs_rigged_arreglat/pf_4_A_5_B_5.0.gif
[ Info: Saved animation to /home/pol/figs_rigged_arreglat/pf_4_A_6_B_2.5.gif
[ Info: Saved animation to /home/pol/figs_rigged_arreglat/pf_4_A_6_B_5.0.gif
[ Info: Saved animation to /home/pol/figs_rigged_arreglat/pf_4_A_7_B_2.5.gif
[ Info: Saved animation to /home/pol/figs_rigged_arreglat/pf_4_A_7_B_5.0.gif
[ Info: Saved animation to /home/pol/figs_rigged_arreglat/pf_4_A_8_B_2.5.gif
2.5:2.5:5.0
452.888525 seconds (1.36 G allocations: 856.795 GiB, 5.73% gc time, 0.46% compilation time)
455.587283 seconds (1.35 G allocations: 856.539 GiB, 5.96% gc time)
458.369766 seconds (1.35 G allocations: 856.538 GiB, 6.10% gc time)
462.358987 seconds (1.35 G allocations: 856.537 GiB, 6.19% gc time)
460.071842 seconds (1.35 G allocations: 856.537 GiB, 6.31% gc time)
462.702888 seconds (1.35 G allocations: 856.538 GiB, 6.33% gc time)
463.493177 seconds (1.35 G allocations: 856.537 GiB, 6.33% gc time)
462.971122 seconds (1.35 G allocations: 856.537 GiB, 6.34% gc time)
461.463219 seconds (1.35 G allocations: 856.538 GiB, 6.39% gc time)
464.821135 seconds (1.35 G allocations: 856.539 GiB, 6.38% gc time)
464.777498 seconds (1.35 G allocations: 856.538 GiB, 6.38% gc time)
469.768617 seconds (1.35 G allocations: 856.537 GiB, 6.37% gc time)
471.527301 seconds (1.35 G allocations: 856.538 GiB, 6.46% gc time)
[ Info: Saved animation to /home/pol/figs_rigged_arreglat/pf_4_A_2_B_22.5.gif
[ Info: Saved animation to /home/pol/figs_rigged_arreglat/pf_4_A_2_B_25.0.gif
[ Info: Saved animation to /home/pol/figs_rigged_arreglat/pf_4_A_3_B_22.5.gif
[ Info: Saved animation to /home/pol/figs_rigged_arreglat/pf_4_A_3_B_25.0.gif
[ Info: Saved animation to /home/pol/figs_rigged_arreglat/pf_4_A_4_B_22.5.gif
[ Info: Saved animation to /home/pol/figs_rigged_arreglat/pf_4_A_4_B_25.0.gif
[ Info: Saved animation to /home/pol/figs_rigged_arreglat/pf_4_A_5_B_22.5.gif
[ Info: Saved animation to /home/pol/figs_rigged_arreglat/pf_4_A_5_B_25.0.gif
[ Info: Saved animation to /home/pol/figs_rigged_arreglat/pf_4_A_6_B_22.5.gif
[ Info: Saved animation to /home/pol/figs_rigged_arreglat/pf_4_A_6_B_25.0.gif
[ Info: Saved animation to /home/pol/figs_rigged_arreglat/pf_4_A_7_B_22.5.gif
[ Info: Saved animation to /home/pol/figs_rigged_arreglat/pf_4_A_7_B_25.0.gif
[ Info: Saved animation to /home/pol/figs_rigged_arreglat/pf_4_A_8_B_22.5.gif
22.5:2.5:25.0
450.403839 seconds (1.36 G allocations: 856.797 GiB, 5.81% gc time, 0.44% compilation time)
456.855166 seconds (1.35 G allocations: 856.542 GiB, 5.92% gc time)
459.345791 seconds (1.35 G allocations: 856.541 GiB, 6.07% gc time)
463.088298 seconds (1.35 G allocations: 856.539 GiB, 6.17% gc time)
465.380758 seconds (1.35 G allocations: 856.539 GiB, 6.27% gc time)
465.472074 seconds (1.35 G allocations: 856.538 GiB, 6.32% gc time)
464.432899 seconds (1.35 G allocations: 856.539 GiB, 6.37% gc time)
467.949359 seconds (1.35 G allocations: 856.540 GiB, 6.36% gc time)
469.241339 seconds (1.35 G allocations: 856.539 GiB, 6.37% gc time)
466.538979 seconds (1.35 G allocations: 856.539 GiB, 6.38% gc time)
465.697954 seconds (1.35 G allocations: 856.539 GiB, 6.41% gc time)
471.566819 seconds (1.35 G allocations: 856.538 GiB, 6.39% gc time)
477.968615 seconds (1.35 G allocations: 856.539 GiB, 6.43% gc time)
